1614331536127	geckodriver	INFO	Listening on 127.0.0.1:62424
1614331539189	mozrunner::runner	INFO	Running command: "C:\\Program Files\\Mozilla Firefox\\firefox.exe" "--marionette" "-foreground" "-no-remote" "-profile" "C:\\Users\\Mi\\AppData\\Local\\Temp\\rust_mozprofilemz0ZQr"
console.warn: SearchSettings: "get: No settings file exists, new profile?" (new Error("", "(unknown module)"))
1614331542066	Marionette	INFO	Listening on port 62433
1614331542368	Marionette	WARN	TLS certificate errors will be ignored for this session
JavaScript warning: https://pix.rabota.ru/js/ValidatorUtils.js?74f23fc8bedc57aab7b95d758da42aac, line 698: unreachable code after return statement
JavaScript warning: https://yastatic.net/partner-code-bundles/13913/7f25a79b6cbe7c92b323.js, line 2: unreachable code after return statement
1614331553230	Marionette	WARN	Ignoring event 'pageshow' because document has an invalid readyState of 'loading'.
JavaScript error: https://www.rabota.ru/v3_searchResumeByParamsResults.html?id=30550511, line 22: SyntaxError: '' string literal contains an unescaped line break
1614331553249	Marionette	WARN	Ignoring event 'pageshow' because document has an invalid readyState of 'loading'.
1614331557967	Marionette	WARN	TimedPromise timed out after 500 ms: stacktrace:
TimedPromise/<@chrome://marionette/content/sync.js:231:19
TimedPromise@chrome://marionette/content/sync.js:216:10
interaction.flushEventLoop@chrome://marionette/content/interaction.js:433:10
webdriverClickElement@chrome://marionette/content/interaction.js:179:31
1614331572216	Marionette	WARN	TimedPromise timed out after 500 ms: stacktrace:
TimedPromise/<@chrome://marionette/content/sync.js:231:19
TimedPromise@chrome://marionette/content/sync.js:216:10
interaction.flushEventLoop@chrome://marionette/content/interaction.js:433:10
webdriverClickElement@chrome://marionette/content/interaction.js:179:31
1614331579605	Marionette	WARN	TimedPromise timed out after 500 ms: stacktrace:
TimedPromise/<@chrome://marionette/content/sync.js:231:19
TimedPromise@chrome://marionette/content/sync.js:216:10
interaction.flushEventLoop@chrome://marionette/content/interaction.js:433:10
webdriverClickElement@chrome://marionette/content/interaction.js:179:31
1614331589212	Marionette	WARN	TimedPromise timed out after 500 ms: stacktrace:
TimedPromise/<@chrome://marionette/content/sync.js:231:19
TimedPromise@chrome://marionette/content/sync.js:216:10
interaction.flushEventLoop@chrome://marionette/content/interaction.js:433:10
webdriverClickElement@chrome://marionette/content/interaction.js:179:31
1614331637485	geckodriver	INFO	Listening on 127.0.0.1:62653
1614331640509	mozrunner::runner	INFO	Running command: "C:\\Program Files\\Mozilla Firefox\\firefox.exe" "--marionette" "-foreground" "-no-remote" "-profile" "C:\\Users\\Mi\\AppData\\Local\\Temp\\rust_mozprofilebfZhTS"
console.warn: SearchSettings: "get: No settings file exists, new profile?" (new Error("", "(unknown module)"))
1614331642972	Marionette	INFO	Listening on port 62662
1614331643173	Marionette	WARN	TLS certificate errors will be ignored for this session
JavaScript warning: https://pix.rabota.ru/js/ValidatorUtils.js?74f23fc8bedc57aab7b95d758da42aac, line 698: unreachable code after return statement
JavaScript warning: https://yastatic.net/partner-code-bundles/13916/1e717dd89d69620780e8.js, line 2: unreachable code after return statement
1614331644969	Marionette	WARN	Ignoring event 'pageshow' because document has an invalid readyState of 'loading'.
JavaScript error: https://www.rabota.ru/v3_searchResumeByParamsResults.html?id=30550511, line 22: SyntaxError: '' string literal contains an unescaped line break
1614331644984	Marionette	WARN	Ignoring event 'pageshow' because document has an invalid readyState of 'loading'.
1614331646608	Marionette	WARN	TimedPromise timed out after 500 ms: stacktrace:
TimedPromise/<@chrome://marionette/content/sync.js:231:19
TimedPromise@chrome://marionette/content/sync.js:216:10
interaction.flushEventLoop@chrome://marionette/content/interaction.js:433:10
webdriverClickElement@chrome://marionette/content/interaction.js:179:31
1614331652408	Marionette	WARN	TimedPromise timed out after 500 ms: stacktrace:
TimedPromise/<@chrome://marionette/content/sync.js:231:19
TimedPromise@chrome://marionette/content/sync.js:216:10
interaction.flushEventLoop@chrome://marionette/content/interaction.js:433:10
webdriverClickElement@chrome://marionette/content/interaction.js:179:31
1614331658223	Marionette	WARN	TimedPromise timed out after 500 ms: stacktrace:
TimedPromise/<@chrome://marionette/content/sync.js:231:19
TimedPromise@chrome://marionette/content/sync.js:216:10
interaction.flushEventLoop@chrome://marionette/content/interaction.js:433:10
webdriverClickElement@chrome://marionette/content/interaction.js:179:31
1614331664046	Marionette	WARN	TimedPromise timed out after 500 ms: stacktrace:
TimedPromise/<@chrome://marionette/content/sync.js:231:19
TimedPromise@chrome://marionette/content/sync.js:216:10
interaction.flushEventLoop@chrome://marionette/content/interaction.js:433:10
webdriverClickElement@chrome://marionette/content/interaction.js:179:31
1614331669409	Marionette	INFO	Stopped listening on port 62662

###!!! [Child][RunMessage] Error: Channel closing: too late to send/recv, messages will be lost

1614331676241	geckodriver	INFO	Listening on 127.0.0.1:62801
1614331679296	mozrunner::runner	INFO	Running command: "C:\\Program Files\\Mozilla Firefox\\firefox.exe" "--marionette" "-foreground" "-no-remote" "-profile" "C:\\Users\\Mi\\AppData\\Local\\Temp\\rust_mozprofilej8454P"
console.warn: SearchSettings: "get: No settings file exists, new profile?" (new Error("", "(unknown module)"))
1614331681960	Marionette	INFO	Listening on port 62812
1614331682462	Marionette	WARN	TLS certificate errors will be ignored for this session
JavaScript warning: https://pix.rabota.ru/js/ValidatorUtils.js?74f23fc8bedc57aab7b95d758da42aac, line 698: unreachable code after return statement
JavaScript warning: https://yastatic.net/partner-code-bundles/13918/b3c3af7ab629cf6c1a85.js, line 2: unreachable code after return statement
JavaScript error: https://www.rabota.ru/v3_searchResumeByParamsResults.html?id=30587849, line 22: SyntaxError: '' string literal contains an unescaped line break
1614331684418	Marionette	WARN	Ignoring event 'pageshow' because document has an invalid readyState of 'loading'.
1614331684431	Marionette	WARN	Ignoring event 'pageshow' because document has an invalid readyState of 'loading'.
1614331706290	Marionette	INFO	Stopped listening on port 62812
1614331789225	geckodriver	INFO	Listening on 127.0.0.1:62993
1614331792258	mozrunner::runner	INFO	Running command: "C:\\Program Files\\Mozilla Firefox\\firefox.exe" "--marionette" "-foreground" "-no-remote" "-profile" "C:\\Users\\Mi\\AppData\\Local\\Temp\\rust_mozprofileP0mgO8"
console.warn: SearchSettings: "get: No settings file exists, new profile?" (new Error("", "(unknown module)"))
1614331794922	Marionette	INFO	Listening on port 63003
1614331795451	Marionette	WARN	TLS certificate errors will be ignored for this session
JavaScript warning: https://pix.rabota.ru/js/ValidatorUtils.js?74f23fc8bedc57aab7b95d758da42aac, line 698: unreachable code after return statement
JavaScript warning: https://yastatic.net/partner-code-bundles/13907/458bb2010da3b5eb9b20.js, line 2: unreachable code after return statement
JavaScript error: https://www.rabota.ru/v3_searchResumeByParamsResults.html?id=30587849, line 22: SyntaxError: '' string literal contains an unescaped line break
1614331797154	Marionette	WARN	Ignoring event 'pageshow' because document has an invalid readyState of 'loading'.
1614331797170	Marionette	WARN	Ignoring event 'pageshow' because document has an invalid readyState of 'loading'.
1614331797693	Marionette	WARN	TimedPromise timed out after 500 ms: stacktrace:
TimedPromise/<@chrome://marionette/content/sync.js:231:19
TimedPromise@chrome://marionette/content/sync.js:216:10
interaction.flushEventLoop@chrome://marionette/content/interaction.js:433:10
webdriverClickElement@chrome://marionette/content/interaction.js:179:31
send@https://pix.rabota.ru/js/jquery/jquery-last.min.js:18:13822
ajax@https://pix.rabota.ru/js/jquery/jquery-last.min.js:18:10996
$.ajax@https://pix.rabota.ru/js/jquery/jquery.validate.js?2b427ebd68cc9aa1bd9e991525fa9722:1115:15
mapByCityId@https://www.rabota.ru/block/metro-dialog/metro-dialog.js?ca7b0874e2e0646f71096e8475cbdcde:966:6
initMap@https://www.rabota.ru/block/metro-dialog/metro-dialog.js?ca7b0874e2e0646f71096e8475cbdcde:1250:15
setCityId@https://www.rabota.ru/block/metro-dialog/metro-dialog.js?ca7b0874e2e0646f71096e8475cbdcde:1506:8
form.initCityMetro/<@https://www.rabota.ru/v3_searchResumeByParamsResults.html:2422:20
notifySubscribers/</<@https://pix.rabota.ru/js/lib/knockout-2.3.0.min.js?48d1c61386189c99e1bf5192089226b7:29:301
p@https://pix.rabota.ru/js/lib/knockout-2.3.0.min.js?48d1c61386189c99e1bf5192089226b7:8:196
notifySubscribers/<@https://pix.rabota.ru/js/lib/knockout-2.3.0.min.js?48d1c61386189c99e1bf5192089226b7:29:252
I@https://pix.rabota.ru/js/lib/knockout-2.3.0.min.js?48d1c61386189c99e1bf5192089226b7:30:459
notifySubscribers@https://pix.rabota.ru/js/lib/knockout-2.3.0.min.js?48d1c61386189c99e1bf5192089226b7:29:235
a.m/c.J@https://pix.rabota.ru/js/lib/knockout-2.3.0.min.js?48d1c61386189c99e1bf5192089226b7:31:278
c@https://pix.rabota.ru/js/lib/knockout-2.3.0.min.js?48d1c61386189c99e1bf5192089226b7:31:187
form.initCityMetro/cityPopup<@https://www.rabota.ru/v3_searchResumeByParamsResults.html:2519:12
handleRegionsChanges@https://pix.rabota.ru/js/CityKladrSelector.js?392098adabaf304bc93e860393fbab51:931:30
success@https://pix.rabota.ru/js/CityKladrSelector.js?392098adabaf304bc93e860393fbab51:358:5
resolveWith@https://pix.rabota.ru/js/jquery/jquery-last.min.js:16:15493
w@https://pix.rabota.ru/js/jquery/jquery-last.min.js:18:8450
d@https://pix.rabota.ru/js/jquery/jquery-last.min.js:18:14247
1614331803512	Marionette	WARN	TimedPromise timed out after 500 ms: stacktrace:
TimedPromise/<@chrome://marionette/content/sync.js:231:19
TimedPromise@chrome://marionette/content/sync.js:216:10
interaction.flushEventLoop@chrome://marionette/content/interaction.js:433:10
webdriverClickElement@chrome://marionette/content/interaction.js:179:31
1614331814815	Marionette	WARN	TimedPromise timed out after 500 ms: stacktrace:
TimedPromise/<@chrome://marionette/content/sync.js:231:19
TimedPromise@chrome://marionette/content/sync.js:216:10
interaction.flushEventLoop@chrome://marionette/content/interaction.js:433:10
webdriverClickElement@chrome://marionette/content/interaction.js:179:31
1614331820193	Marionette	INFO	Stopped listening on port 63003

###!!! [Child][RunMessage] Error: Channel closing: too late to send/recv, messages will be lost

1614331827131	geckodriver	INFO	Listening on 127.0.0.1:63135
1614331830181	mozrunner::runner	INFO	Running command: "C:\\Program Files\\Mozilla Firefox\\firefox.exe" "--marionette" "-foreground" "-no-remote" "-profile" "C:\\Users\\Mi\\AppData\\Local\\Temp\\rust_mozprofileaTBla1"
console.warn: SearchSettings: "get: No settings file exists, new profile?" (new Error("", "(unknown module)"))
1614331832708	Marionette	INFO	Listening on port 63146
1614331832850	Marionette	WARN	TLS certificate errors will be ignored for this session
JavaScript warning: https://pix.rabota.ru/js/ValidatorUtils.js?74f23fc8bedc57aab7b95d758da42aac, line 698: unreachable code after return statement
JavaScript warning: https://yastatic.net/partner-code-bundles/13930/9d4b34913b2ca833f62b.js, line 2: unreachable code after return statement
1614331834731	Marionette	WARN	Ignoring event 'pageshow' because document has an invalid readyState of 'loading'.
JavaScript error: https://www.rabota.ru/v3_searchResumeByParamsResults.html?id=30587849, line 22: SyntaxError: '' string literal contains an unescaped line break
1614331835022	Marionette	WARN	Ignoring event 'pageshow' because document has an invalid readyState of 'loading'.
1614331835254	Marionette	WARN	TimedPromise timed out after 500 ms: stacktrace:
TimedPromise/<@chrome://marionette/content/sync.js:231:19
TimedPromise@chrome://marionette/content/sync.js:216:10
interaction.flushEventLoop@chrome://marionette/content/interaction.js:433:10
webdriverClickElement@chrome://marionette/content/interaction.js:179:31
send@https://pix.rabota.ru/js/jquery/jquery-last.min.js:18:13822
ajax@https://pix.rabota.ru/js/jquery/jquery-last.min.js:18:10996
$.ajax@https://pix.rabota.ru/js/jquery/jquery.validate.js?2b427ebd68cc9aa1bd9e991525fa9722:1115:15
mapByCityId@https://www.rabota.ru/block/metro-dialog/metro-dialog.js?ca7b0874e2e0646f71096e8475cbdcde:966:6
initMap@https://www.rabota.ru/block/metro-dialog/metro-dialog.js?ca7b0874e2e0646f71096e8475cbdcde:1250:15
setCityId@https://www.rabota.ru/block/metro-dialog/metro-dialog.js?ca7b0874e2e0646f71096e8475cbdcde:1506:8
form.initCityMetro/<@https://www.rabota.ru/v3_searchResumeByParamsResults.html:2422:20
notifySubscribers/</<@https://pix.rabota.ru/js/lib/knockout-2.3.0.min.js?48d1c61386189c99e1bf5192089226b7:29:301
p@https://pix.rabota.ru/js/lib/knockout-2.3.0.min.js?48d1c61386189c99e1bf5192089226b7:8:196
notifySubscribers/<@https://pix.rabota.ru/js/lib/knockout-2.3.0.min.js?48d1c61386189c99e1bf5192089226b7:29:252
I@https://pix.rabota.ru/js/lib/knockout-2.3.0.min.js?48d1c61386189c99e1bf5192089226b7:30:459
notifySubscribers@https://pix.rabota.ru/js/lib/knockout-2.3.0.min.js?48d1c61386189c99e1bf5192089226b7:29:235
a.m/c.J@https://pix.rabota.ru/js/lib/knockout-2.3.0.min.js?48d1c61386189c99e1bf5192089226b7:31:278
c@https://pix.rabota.ru/js/lib/knockout-2.3.0.min.js?48d1c61386189c99e1bf5192089226b7:31:187
form.initCityMetro/cityPopup<@https://www.rabota.ru/v3_searchResumeByParamsResults.html:2519:12
handleRegionsChanges@https://pix.rabota.ru/js/CityKladrSelector.js?392098adabaf304bc93e860393fbab51:931:30
success@https://pix.rabota.ru/js/CityKladrSelector.js?392098adabaf304bc93e860393fbab51:358:5
resolveWith@https://pix.rabota.ru/js/jquery/jquery-last.min.js:16:15493
w@https://pix.rabota.ru/js/jquery/jquery-last.min.js:18:8450
d@https://pix.rabota.ru/js/jquery/jquery-last.min.js:18:14247
JavaScript error: resource://activity-stream/lib/ASRouter.jsm, line 988: NS_ERROR_ILLEGAL_VALUE: Component returned failure code: 0x80070057 (NS_ERROR_ILLEGAL_VALUE) [nsIObserverService.removeObserver]

###!!! [Child][RunMessage] Error: Channel closing: too late to send/recv, messages will be lost


###!!! [Child][RunMessage] Error: Channel closing: too late to send/recv, messages will be lost


###!!! [Child][RunMessage] Error: Channel closing: too late to send/recv, messages will be lost


###!!! [Child][RunMessage] Error: Channel closing: too late to send/recv, messages will be lost


###!!! [Child][RunMessage] Error: Channel closing: too late to send/recv, messages will be lost


###!!! [Child][RunMessage] Error: Channel closing: too late to send/recv, messages will be lost

console.error: services.settings: 
  main/message-groups Signature failed  TypeError: NetworkError when attempting to fetch resource.
console.error: services.settings: 
  main/fxmonitor-breaches Signature failed  TypeError: NetworkError when attempting to fetch resource.
console.error: services.settings: 
  main/partitioning-exempt-urls Signature failed  TypeError: NetworkError when attempting to fetch resource.
[Parent 10688, IPC I/O Parent] WARNING: file /builds/worker/checkouts/gecko/ipc/chromium/src/base/process_util_win.cc:167
1614331846760	Marionette	INFO	Stopped listening on port 63146

###!!! [Child][RunMessage] Error: Channel closing: too late to send/recv, messages will be lost

1614331906195	geckodriver	INFO	Listening on 127.0.0.1:63341
1614331909244	mozrunner::runner	INFO	Running command: "C:\\Program Files\\Mozilla Firefox\\firefox.exe" "--marionette" "-foreground" "-no-remote" "-profile" "C:\\Users\\Mi\\AppData\\Local\\Temp\\rust_mozprofileRCrbmJ"
console.warn: SearchSettings: "get: No settings file exists, new profile?" (new Error("", "(unknown module)"))
1614331911939	Marionette	INFO	Listening on port 63354
1614331912411	Marionette	WARN	TLS certificate errors will be ignored for this session
JavaScript warning: https://pix.rabota.ru/js/ValidatorUtils.js?74f23fc8bedc57aab7b95d758da42aac, line 698: unreachable code after return statement
JavaScript warning: https://yastatic.net/partner-code-bundles/13912/aafce5394b2239e51d7f.js, line 2: unreachable code after return statement
1614331914343	Marionette	WARN	Ignoring event 'pageshow' because document has an invalid readyState of 'loading'.
1614331914368	Marionette	WARN	Ignoring event 'pageshow' because document has an invalid readyState of 'loading'.
1614331914867	Marionette	WARN	TimedPromise timed out after 500 ms: stacktrace:
TimedPromise/<@chrome://marionette/content/sync.js:231:19
TimedPromise@chrome://marionette/content/sync.js:216:10
interaction.flushEventLoop@chrome://marionette/content/interaction.js:433:10
webdriverClickElement@chrome://marionette/content/interaction.js:179:31
send@https://pix.rabota.ru/js/jquery/jquery-last.min.js:18:13822
ajax@https://pix.rabota.ru/js/jquery/jquery-last.min.js:18:10996
$.ajax@https://pix.rabota.ru/js/jquery/jquery.validate.js?2b427ebd68cc9aa1bd9e991525fa9722:1115:15
mapByCityId@https://www.rabota.ru/block/metro-dialog/metro-dialog.js?ca7b0874e2e0646f71096e8475cbdcde:966:6
initMap@https://www.rabota.ru/block/metro-dialog/metro-dialog.js?ca7b0874e2e0646f71096e8475cbdcde:1250:15
setCityId@https://www.rabota.ru/block/metro-dialog/metro-dialog.js?ca7b0874e2e0646f71096e8475cbdcde:1506:8
form.initCityMetro/<@https://www.rabota.ru/v3_searchResumeByParamsResults.html:2422:20
notifySubscribers/</<@https://pix.rabota.ru/js/lib/knockout-2.3.0.min.js?48d1c61386189c99e1bf5192089226b7:29:301
p@https://pix.rabota.ru/js/lib/knockout-2.3.0.min.js?48d1c61386189c99e1bf5192089226b7:8:196
notifySubscribers/<@https://pix.rabota.ru/js/lib/knockout-2.3.0.min.js?48d1c61386189c99e1bf5192089226b7:29:252
I@https://pix.rabota.ru/js/lib/knockout-2.3.0.min.js?48d1c61386189c99e1bf5192089226b7:30:459
notifySubscribers@https://pix.rabota.ru/js/lib/knockout-2.3.0.min.js?48d1c61386189c99e1bf5192089226b7:29:235
a.m/c.J@https://pix.rabota.ru/js/lib/knockout-2.3.0.min.js?48d1c61386189c99e1bf5192089226b7:31:278
c@https://pix.rabota.ru/js/lib/knockout-2.3.0.min.js?48d1c61386189c99e1bf5192089226b7:31:187
form.initCityMetro/cityPopup<@https://www.rabota.ru/v3_searchResumeByParamsResults.html:2519:12
handleRegionsChanges@https://pix.rabota.ru/js/CityKladrSelector.js?392098adabaf304bc93e860393fbab51:931:30
success@https://pix.rabota.ru/js/CityKladrSelector.js?392098adabaf304bc93e860393fbab51:358:5
resolveWith@https://pix.rabota.ru/js/jquery/jquery-last.min.js:16:15493
w@https://pix.rabota.ru/js/jquery/jquery-last.min.js:18:8450
d@https://pix.rabota.ru/js/jquery/jquery-last.min.js:18:14247
1614331921696	Marionette	WARN	TimedPromise timed out after 500 ms: stacktrace:
TimedPromise/<@chrome://marionette/content/sync.js:231:19
TimedPromise@chrome://marionette/content/sync.js:216:10
interaction.flushEventLoop@chrome://marionette/content/interaction.js:433:10
webdriverClickElement@chrome://marionette/content/interaction.js:179:31
1614331928509	Marionette	WARN	TimedPromise timed out after 500 ms: stacktrace:
TimedPromise/<@chrome://marionette/content/sync.js:231:19
TimedPromise@chrome://marionette/content/sync.js:216:10
interaction.flushEventLoop@chrome://marionette/content/interaction.js:433:10
webdriverClickElement@chrome://marionette/content/interaction.js:179:31
1614331935332	Marionette	WARN	TimedPromise timed out after 500 ms: stacktrace:
TimedPromise/<@chrome://marionette/content/sync.js:231:19
TimedPromise@chrome://marionette/content/sync.js:216:10
interaction.flushEventLoop@chrome://marionette/content/interaction.js:433:10
webdriverClickElement@chrome://marionette/content/interaction.js:179:31
1614331948811	Marionette	WARN	TimedPromise timed out after 500 ms: stacktrace:
TimedPromise/<@chrome://marionette/content/sync.js:231:19
TimedPromise@chrome://marionette/content/sync.js:216:10
interaction.flushEventLoop@chrome://marionette/content/interaction.js:433:10
webdriverClickElement@chrome://marionette/content/interaction.js:179:31
1614331955654	Marionette	WARN	TimedPromise timed out after 500 ms: stacktrace:
TimedPromise/<@chrome://marionette/content/sync.js:231:19
TimedPromise@chrome://marionette/content/sync.js:216:10
interaction.flushEventLoop@chrome://marionette/content/interaction.js:433:10
webdriverClickElement@chrome://marionette/content/interaction.js:179:31
1614331962524	Marionette	WARN	TimedPromise timed out after 500 ms: stacktrace:
TimedPromise/<@chrome://marionette/content/sync.js:231:19
TimedPromise@chrome://marionette/content/sync.js:216:10
interaction.flushEventLoop@chrome://marionette/content/interaction.js:433:10
webdriverClickElement@chrome://marionette/content/interaction.js:179:31
1614331976080	Marionette	WARN	TimedPromise timed out after 500 ms: stacktrace:
TimedPromise/<@chrome://marionette/content/sync.js:231:19
TimedPromise@chrome://marionette/content/sync.js:216:10
interaction.flushEventLoop@chrome://marionette/content/interaction.js:433:10
webdriverClickElement@chrome://marionette/content/interaction.js:179:31
1614331982891	Marionette	WARN	TimedPromise timed out after 500 ms: stacktrace:
TimedPromise/<@chrome://marionette/content/sync.js:231:19
TimedPromise@chrome://marionette/content/sync.js:216:10
interaction.flushEventLoop@chrome://marionette/content/interaction.js:433:10
webdriverClickElement@chrome://marionette/content/interaction.js:179:31
1614331996212	Marionette	WARN	TimedPromise timed out after 500 ms: stacktrace:
TimedPromise/<@chrome://marionette/content/sync.js:231:19
TimedPromise@chrome://marionette/content/sync.js:216:10
interaction.flushEventLoop@chrome://marionette/content/interaction.js:433:10
webdriverClickElement@chrome://marionette/content/interaction.js:179:31
1614332003065	Marionette	WARN	TimedPromise timed out after 500 ms: stacktrace:
TimedPromise/<@chrome://marionette/content/sync.js:231:19
TimedPromise@chrome://marionette/content/sync.js:216:10
interaction.flushEventLoop@chrome://marionette/content/interaction.js:433:10
webdriverClickElement@chrome://marionette/content/interaction.js:179:31
1614332016466	Marionette	WARN	TimedPromise timed out after 500 ms: stacktrace:
TimedPromise/<@chrome://marionette/content/sync.js:231:19
TimedPromise@chrome://marionette/content/sync.js:216:10
interaction.flushEventLoop@chrome://marionette/content/interaction.js:433:10
webdriverClickElement@chrome://marionette/content/interaction.js:179:31
1614332023309	Marionette	WARN	TimedPromise timed out after 500 ms: stacktrace:
TimedPromise/<@chrome://marionette/content/sync.js:231:19
TimedPromise@chrome://marionette/content/sync.js:216:10
interaction.flushEventLoop@chrome://marionette/content/interaction.js:433:10
webdriverClickElement@chrome://marionette/content/interaction.js:179:31
1614332036558	Marionette	WARN	TimedPromise timed out after 500 ms: stacktrace:
TimedPromise/<@chrome://marionette/content/sync.js:231:19
TimedPromise@chrome://marionette/content/sync.js:216:10
interaction.flushEventLoop@chrome://marionette/content/interaction.js:433:10
webdriverClickElement@chrome://marionette/content/interaction.js:179:31
1614332043406	Marionette	WARN	TimedPromise timed out after 500 ms: stacktrace:
TimedPromise/<@chrome://marionette/content/sync.js:231:19
TimedPromise@chrome://marionette/content/sync.js:216:10
interaction.flushEventLoop@chrome://marionette/content/interaction.js:433:10
webdriverClickElement@chrome://marionette/content/interaction.js:179:31
1614332056800	Marionette	WARN	TimedPromise timed out after 500 ms: stacktrace:
TimedPromise/<@chrome://marionette/content/sync.js:231:19
TimedPromise@chrome://marionette/content/sync.js:216:10
interaction.flushEventLoop@chrome://marionette/content/interaction.js:433:10
webdriverClickElement@chrome://marionette/content/interaction.js:179:31
1614332063643	Marionette	WARN	TimedPromise timed out after 500 ms: stacktrace:
TimedPromise/<@chrome://marionette/content/sync.js:231:19
TimedPromise@chrome://marionette/content/sync.js:216:10
interaction.flushEventLoop@chrome://marionette/content/interaction.js:433:10
webdriverClickElement@chrome://marionette/content/interaction.js:179:31
1614332076969	Marionette	WARN	TimedPromise timed out after 500 ms: stacktrace:
TimedPromise/<@chrome://marionette/content/sync.js:231:19
TimedPromise@chrome://marionette/content/sync.js:216:10
interaction.flushEventLoop@chrome://marionette/content/interaction.js:433:10
webdriverClickElement@chrome://marionette/content/interaction.js:179:31
1614332083816	Marionette	WARN	TimedPromise timed out after 500 ms: stacktrace:
TimedPromise/<@chrome://marionette/content/sync.js:231:19
TimedPromise@chrome://marionette/content/sync.js:216:10
interaction.flushEventLoop@chrome://marionette/content/interaction.js:433:10
webdriverClickElement@chrome://marionette/content/interaction.js:179:31
1614332097119	Marionette	WARN	TimedPromise timed out after 500 ms: stacktrace:
TimedPromise/<@chrome://marionette/content/sync.js:231:19
TimedPromise@chrome://marionette/content/sync.js:216:10
interaction.flushEventLoop@chrome://marionette/content/interaction.js:433:10
webdriverClickElement@chrome://marionette/content/interaction.js:179:31
1614332103950	Marionette	WARN	TimedPromise timed out after 500 ms: stacktrace:
TimedPromise/<@chrome://marionette/content/sync.js:231:19
TimedPromise@chrome://marionette/content/sync.js:216:10
interaction.flushEventLoop@chrome://marionette/content/interaction.js:433:10
webdriverClickElement@chrome://marionette/content/interaction.js:179:31
1614332157809	geckodriver	INFO	Listening on 127.0.0.1:63719
1614332160879	mozrunner::runner	INFO	Running command: "C:\\Program Files\\Mozilla Firefox\\firefox.exe" "--marionette" "-foreground" "-no-remote" "-profile" "C:\\Users\\Mi\\AppData\\Local\\Temp\\rust_mozprofile5Rixmp"
console.warn: SearchSettings: "get: No settings file exists, new profile?" (new Error("", "(unknown module)"))
1614332163433	Marionette	INFO	Listening on port 63730
1614332163550	Marionette	WARN	TLS certificate errors will be ignored for this session
JavaScript warning: https://pix.rabota.ru/js/ValidatorUtils.js?74f23fc8bedc57aab7b95d758da42aac, line 698: unreachable code after return statement
JavaScript warning: https://yastatic.net/partner-code-bundles/13927/64f81789c650a095ad64.js, line 2: unreachable code after return statement
JavaScript error: https://www.rabota.ru/v3_searchResumeByParamsResults.html?id=30626174, line 22: SyntaxError: '' string literal contains an unescaped line break
1614332165324	Marionette	WARN	Ignoring event 'pageshow' because document has an invalid readyState of 'loading'.
JavaScript error: https://www.rabota.ru/v3_searchResumeByParamsResults.html?id=30626174, line 22: SyntaxError: '' string literal contains an unescaped line break
1614332165326	Marionette	WARN	Ignoring event 'pageshow' because document has an invalid readyState of 'loading'.
1614332170775	Marionette	WARN	TimedPromise timed out after 500 ms: stacktrace:
TimedPromise/<@chrome://marionette/content/sync.js:231:19
TimedPromise@chrome://marionette/content/sync.js:216:10
interaction.flushEventLoop@chrome://marionette/content/interaction.js:433:10
webdriverClickElement@chrome://marionette/content/interaction.js:179:31
1614332181618	Marionette	WARN	TimedPromise timed out after 500 ms: stacktrace:
TimedPromise/<@chrome://marionette/content/sync.js:231:19
TimedPromise@chrome://marionette/content/sync.js:216:10
interaction.flushEventLoop@chrome://marionette/content/interaction.js:433:10
webdriverClickElement@chrome://marionette/content/interaction.js:179:31
1614332192447	Marionette	WARN	TimedPromise timed out after 500 ms: stacktrace:
TimedPromise/<@chrome://marionette/content/sync.js:231:19
TimedPromise@chrome://marionette/content/sync.js:216:10
interaction.flushEventLoop@chrome://marionette/content/interaction.js:433:10
webdriverClickElement@chrome://marionette/content/interaction.js:179:31
1614332203308	Marionette	WARN	TimedPromise timed out after 500 ms: stacktrace:
TimedPromise/<@chrome://marionette/content/sync.js:231:19
TimedPromise@chrome://marionette/content/sync.js:216:10
interaction.flushEventLoop@chrome://marionette/content/interaction.js:433:10
webdriverClickElement@chrome://marionette/content/interaction.js:179:31
1614332214141	Marionette	WARN	TimedPromise timed out after 500 ms: stacktrace:
TimedPromise/<@chrome://marionette/content/sync.js:231:19
TimedPromise@chrome://marionette/content/sync.js:216:10
interaction.flushEventLoop@chrome://marionette/content/interaction.js:433:10
webdriverClickElement@chrome://marionette/content/interaction.js:179:31
1614332235617	Marionette	WARN	TimedPromise timed out after 500 ms: stacktrace:
TimedPromise/<@chrome://marionette/content/sync.js:231:19
TimedPromise@chrome://marionette/content/sync.js:216:10
interaction.flushEventLoop@chrome://marionette/content/interaction.js:433:10
webdriverClickElement@chrome://marionette/content/interaction.js:179:31
1614332246479	Marionette	WARN	TimedPromise timed out after 500 ms: stacktrace:
TimedPromise/<@chrome://marionette/content/sync.js:231:19
TimedPromise@chrome://marionette/content/sync.js:216:10
interaction.flushEventLoop@chrome://marionette/content/interaction.js:433:10
webdriverClickElement@chrome://marionette/content/interaction.js:179:31
1614332267860	Marionette	WARN	TimedPromise timed out after 500 ms: stacktrace:
TimedPromise/<@chrome://marionette/content/sync.js:231:19
TimedPromise@chrome://marionette/content/sync.js:216:10
interaction.flushEventLoop@chrome://marionette/content/interaction.js:433:10
webdriverClickElement@chrome://marionette/content/interaction.js:179:31
1614332278791	Marionette	WARN	TimedPromise timed out after 500 ms: stacktrace:
TimedPromise/<@chrome://marionette/content/sync.js:231:19
TimedPromise@chrome://marionette/content/sync.js:216:10
interaction.flushEventLoop@chrome://marionette/content/interaction.js:433:10
webdriverClickElement@chrome://marionette/content/interaction.js:179:31
1614332300221	Marionette	WARN	TimedPromise timed out after 500 ms: stacktrace:
TimedPromise/<@chrome://marionette/content/sync.js:231:19
TimedPromise@chrome://marionette/content/sync.js:216:10
interaction.flushEventLoop@chrome://marionette/content/interaction.js:433:10
webdriverClickElement@chrome://marionette/content/interaction.js:179:31
1614332311064	Marionette	WARN	TimedPromise timed out after 500 ms: stacktrace:
TimedPromise/<@chrome://marionette/content/sync.js:231:19
TimedPromise@chrome://marionette/content/sync.js:216:10
interaction.flushEventLoop@chrome://marionette/content/interaction.js:433:10
webdriverClickElement@chrome://marionette/content/interaction.js:179:31
1614332332529	Marionette	WARN	TimedPromise timed out after 500 ms: stacktrace:
TimedPromise/<@chrome://marionette/content/sync.js:231:19
TimedPromise@chrome://marionette/content/sync.js:216:10
interaction.flushEventLoop@chrome://marionette/content/interaction.js:433:10
webdriverClickElement@chrome://marionette/content/interaction.js:179:31
1614332343382	Marionette	WARN	TimedPromise timed out after 500 ms: stacktrace:
TimedPromise/<@chrome://marionette/content/sync.js:231:19
TimedPromise@chrome://marionette/content/sync.js:216:10
interaction.flushEventLoop@chrome://marionette/content/interaction.js:433:10
webdriverClickElement@chrome://marionette/content/interaction.js:179:31
1614332406928	geckodriver	INFO	Listening on 127.0.0.1:64247
1614332409997	mozrunner::runner	INFO	Running command: "C:\\Program Files\\Mozilla Firefox\\firefox.exe" "--marionette" "-foreground" "-no-remote" "-profile" "C:\\Users\\Mi\\AppData\\Local\\Temp\\rust_mozprofile3rjgJ6"
console.warn: SearchSettings: "get: No settings file exists, new profile?" (new Error("", "(unknown module)"))
1614332412692	Marionette	INFO	Listening on port 64257
1614332413179	Marionette	WARN	TLS certificate errors will be ignored for this session
JavaScript warning: https://pix.rabota.ru/js/ValidatorUtils.js?74f23fc8bedc57aab7b95d758da42aac, line 698: unreachable code after return statement
JavaScript warning: https://yastatic.net/partner-code-bundles/13957/a8228e199fd39afbd5eb.js, line 2: unreachable code after return statement
1614332415117	Marionette	WARN	Ignoring event 'pageshow' because document has an invalid readyState of 'loading'.
JavaScript error: https://www.rabota.ru/v3_searchResumeByParamsResults.html?id=23839794, line 22: SyntaxError: '' string literal contains an unescaped line break
1614332415128	Marionette	WARN	Ignoring event 'pageshow' because document has an invalid readyState of 'loading'.
1614332662385	geckodriver	INFO	Listening on 127.0.0.1:64774
1614332665440	mozrunner::runner	INFO	Running command: "C:\\Program Files\\Mozilla Firefox\\firefox.exe" "--marionette" "-foreground" "-no-remote" "-profile" "C:\\Users\\Mi\\AppData\\Local\\Temp\\rust_mozprofileHkHL3J"
console.warn: SearchSettings: "get: No settings file exists, new profile?" (new Error("", "(unknown module)"))
1614332668089	Marionette	INFO	Listening on port 64783
1614332668134	Marionette	WARN	TLS certificate errors will be ignored for this session
JavaScript warning: https://pix.rabota.ru/js/ValidatorUtils.js?74f23fc8bedc57aab7b95d758da42aac, line 698: unreachable code after return statement
JavaScript warning: https://yastatic.net/partner-code-bundles/13929/6a0d2bfe5435435eb4fe.js, line 2: unreachable code after return statement
JavaScript error: https://www.rabota.ru/v3_searchResumeByParamsResults.html?id=29283073, line 22: SyntaxError: '' string literal contains an unescaped line break
1614332670248	Marionette	WARN	Ignoring event 'pageshow' because document has an invalid readyState of 'loading'.
1614332670252	Marionette	WARN	Ignoring event 'pageshow' because document has an invalid readyState of 'loading'.
1614332670813	Marionette	WARN	TimedPromise timed out after 500 ms: stacktrace:
TimedPromise/<@chrome://marionette/content/sync.js:231:19
TimedPromise@chrome://marionette/content/sync.js:216:10
interaction.flushEventLoop@chrome://marionette/content/interaction.js:433:10
webdriverClickElement@chrome://marionette/content/interaction.js:179:31
send@https://pix.rabota.ru/js/jquery/jquery-last.min.js:18:13822
ajax@https://pix.rabota.ru/js/jquery/jquery-last.min.js:18:10996
$.ajax@https://pix.rabota.ru/js/jquery/jquery.validate.js?2b427ebd68cc9aa1bd9e991525fa9722:1115:15
mapByCityId@https://www.rabota.ru/block/metro-dialog/metro-dialog.js?ca7b0874e2e0646f71096e8475cbdcde:966:6
initMap@https://www.rabota.ru/block/metro-dialog/metro-dialog.js?ca7b0874e2e0646f71096e8475cbdcde:1250:15
setCityId@https://www.rabota.ru/block/metro-dialog/metro-dialog.js?ca7b0874e2e0646f71096e8475cbdcde:1506:8
form.initCityMetro/<@https://www.rabota.ru/v3_searchResumeByParamsResults.html:2422:20
notifySubscribers/</<@https://pix.rabota.ru/js/lib/knockout-2.3.0.min.js?48d1c61386189c99e1bf5192089226b7:29:301
p@https://pix.rabota.ru/js/lib/knockout-2.3.0.min.js?48d1c61386189c99e1bf5192089226b7:8:196
notifySubscribers/<@https://pix.rabota.ru/js/lib/knockout-2.3.0.min.js?48d1c61386189c99e1bf5192089226b7:29:252
I@https://pix.rabota.ru/js/lib/knockout-2.3.0.min.js?48d1c61386189c99e1bf5192089226b7:30:459
notifySubscribers@https://pix.rabota.ru/js/lib/knockout-2.3.0.min.js?48d1c61386189c99e1bf5192089226b7:29:235
a.m/c.J@https://pix.rabota.ru/js/lib/knockout-2.3.0.min.js?48d1c61386189c99e1bf5192089226b7:31:278
c@https://pix.rabota.ru/js/lib/knockout-2.3.0.min.js?48d1c61386189c99e1bf5192089226b7:31:187
form.initCityMetro/cityPopup<@https://www.rabota.ru/v3_searchResumeByParamsResults.html:2519:12
handleRegionsChanges@https://pix.rabota.ru/js/CityKladrSelector.js?392098adabaf304bc93e860393fbab51:931:30
success@https://pix.rabota.ru/js/CityKladrSelector.js?392098adabaf304bc93e860393fbab51:358:5
resolveWith@https://pix.rabota.ru/js/jquery/jquery-last.min.js:16:15493
w@https://pix.rabota.ru/js/jquery/jquery-last.min.js:18:8450
d@https://pix.rabota.ru/js/jquery/jquery-last.min.js:18:14247
1614332876090	Marionette	INFO	Stopped listening on port 64783

###!!! [Child][RunMessage] Error: Channel closing: too late to send/recv, messages will be lost

1614332884386	geckodriver	INFO	Listening on 127.0.0.1:65094
1614332887443	mozrunner::runner	INFO	Running command: "C:\\Program Files\\Mozilla Firefox\\firefox.exe" "--marionette" "-foreground" "-no-remote" "-profile" "C:\\Users\\Mi\\AppData\\Local\\Temp\\rust_mozprofilek5E9P3"
console.warn: SearchSettings: "get: No settings file exists, new profile?" (new Error("", "(unknown module)"))
1614332890047	Marionette	INFO	Listening on port 65107
1614332890111	Marionette	WARN	TLS certificate errors will be ignored for this session
JavaScript warning: https://pix.rabota.ru/js/ValidatorUtils.js?74f23fc8bedc57aab7b95d758da42aac, line 698: unreachable code after return statement
JavaScript warning: https://yastatic.net/partner-code-bundles/13912/aafce5394b2239e51d7f.js, line 2: unreachable code after return statement
1614332891715	Marionette	WARN	Ignoring event 'pageshow' because document has an invalid readyState of 'loading'.
JavaScript error: https://www.rabota.ru/v3_searchResumeByParamsResults.html?id=17285937, line 22: SyntaxError: '' string literal contains an unescaped line break
1614332891723	Marionette	WARN	Ignoring event 'pageshow' because document has an invalid readyState of 'loading'.
1614332892218	Marionette	WARN	TimedPromise timed out after 500 ms: stacktrace:
TimedPromise/<@chrome://marionette/content/sync.js:231:19
TimedPromise@chrome://marionette/content/sync.js:216:10
interaction.flushEventLoop@chrome://marionette/content/interaction.js:433:10
webdriverClickElement@chrome://marionette/content/interaction.js:179:31
send@https://pix.rabota.ru/js/jquery/jquery-last.min.js:18:13822
ajax@https://pix.rabota.ru/js/jquery/jquery-last.min.js:18:10996
$.ajax@https://pix.rabota.ru/js/jquery/jquery.validate.js?2b427ebd68cc9aa1bd9e991525fa9722:1115:15
mapByCityId@https://www.rabota.ru/block/metro-dialog/metro-dialog.js?ca7b0874e2e0646f71096e8475cbdcde:966:6
initMap@https://www.rabota.ru/block/metro-dialog/metro-dialog.js?ca7b0874e2e0646f71096e8475cbdcde:1250:15
setCityId@https://www.rabota.ru/block/metro-dialog/metro-dialog.js?ca7b0874e2e0646f71096e8475cbdcde:1506:8
form.initCityMetro/<@https://www.rabota.ru/v3_searchResumeByParamsResults.html:2422:20
notifySubscribers/</<@https://pix.rabota.ru/js/lib/knockout-2.3.0.min.js?48d1c61386189c99e1bf5192089226b7:29:301
p@https://pix.rabota.ru/js/lib/knockout-2.3.0.min.js?48d1c61386189c99e1bf5192089226b7:8:196
notifySubscribers/<@https://pix.rabota.ru/js/lib/knockout-2.3.0.min.js?48d1c61386189c99e1bf5192089226b7:29:252
I@https://pix.rabota.ru/js/lib/knockout-2.3.0.min.js?48d1c61386189c99e1bf5192089226b7:30:459
notifySubscribers@https://pix.rabota.ru/js/lib/knockout-2.3.0.min.js?48d1c61386189c99e1bf5192089226b7:29:235
a.m/c.J@https://pix.rabota.ru/js/lib/knockout-2.3.0.min.js?48d1c61386189c99e1bf5192089226b7:31:278
c@https://pix.rabota.ru/js/lib/knockout-2.3.0.min.js?48d1c61386189c99e1bf5192089226b7:31:187
form.initCityMetro/cityPopup<@https://www.rabota.ru/v3_searchResumeByParamsResults.html:2519:12
handleRegionsChanges@https://pix.rabota.ru/js/CityKladrSelector.js?392098adabaf304bc93e860393fbab51:931:30
success@https://pix.rabota.ru/js/CityKladrSelector.js?392098adabaf304bc93e860393fbab51:358:5
resolveWith@https://pix.rabota.ru/js/jquery/jquery-last.min.js:16:15493
w@https://pix.rabota.ru/js/jquery/jquery-last.min.js:18:8450
d@https://pix.rabota.ru/js/jquery/jquery-last.min.js:18:14247
1614332896931	Marionette	INFO	Stopped listening on port 65107
JavaScript error: resource://activity-stream/lib/ASRouter.jsm, line 988: NS_ERROR_ILLEGAL_VALUE: Component returned failure code: 0x80070057 (NS_ERROR_ILLEGAL_VALUE) [nsIObserverService.removeObserver]
console.error: services.settings: 
  main/message-groups Signature failed  TypeError: NetworkError when attempting to fetch resource.
console.error: services.settings: 
  main/fxmonitor-breaches Signature failed  TypeError: NetworkError when attempting to fetch resource.
console.error: services.settings: 
  main/partitioning-exempt-urls Signature failed  TypeError: NetworkError when attempting to fetch resource.
[Parent 16936, IPC I/O Parent] WARNING: file /builds/worker/checkouts/gecko/ipc/chromium/src/base/process_util_win.cc:167

###!!! [Child][RunMessage] Error: Channel closing: too late to send/recv, messages will be lost

1614347410113	geckodriver	INFO	Listening on 127.0.0.1:60209
1614347413189	mozrunner::runner	INFO	Running command: "C:\\Program Files\\Mozilla Firefox\\firefox.exe" "--marionette" "-foreground" "-no-remote" "-profile" "C:\\Users\\Mi\\AppData\\Local\\Temp\\rust_mozprofileyl9K6c"
console.warn: SearchSettings: "get: No settings file exists, new profile?" (new Error("", "(unknown module)"))
1614347415864	Marionette	INFO	Listening on port 60218
1614347416423	Marionette	WARN	TLS certificate errors will be ignored for this session
JavaScript warning: https://pix.rabota.ru/js/ValidatorUtils.js?74f23fc8bedc57aab7b95d758da42aac, line 698: unreachable code after return statement
JavaScript warning: https://yastatic.net/partner-code-bundles/13957/a8228e199fd39afbd5eb.js, line 2: unreachable code after return statement
1614347418295	Marionette	WARN	Ignoring event 'pageshow' because document has an invalid readyState of 'loading'.
JavaScript error: https://www.rabota.ru/v3_searchResumeByParamsResults.html?id=30555258, line 22: SyntaxError: '' string literal contains an unescaped line break
1614347418345	Marionette	WARN	Ignoring event 'pageshow' because document has an invalid readyState of 'loading'.
1614347418674	Marionette	WARN	TimedPromise timed out after 500 ms: stacktrace:
TimedPromise/<@chrome://marionette/content/sync.js:231:19
TimedPromise@chrome://marionette/content/sync.js:216:10
interaction.flushEventLoop@chrome://marionette/content/interaction.js:433:10
webdriverClickElement@chrome://marionette/content/interaction.js:179:31
1614347428433	Marionette	WARN	TimedPromise timed out after 500 ms: stacktrace:
TimedPromise/<@chrome://marionette/content/sync.js:231:19
TimedPromise@chrome://marionette/content/sync.js:216:10
interaction.flushEventLoop@chrome://marionette/content/interaction.js:433:10
webdriverClickElement@chrome://marionette/content/interaction.js:179:31
1614347431582	Marionette	WARN	TimedPromise timed out after 500 ms: stacktrace:
TimedPromise/<@chrome://marionette/content/sync.js:231:19
TimedPromise@chrome://marionette/content/sync.js:216:10
interaction.flushEventLoop@chrome://marionette/content/interaction.js:433:10
webdriverClickElement@chrome://marionette/content/interaction.js:179:31
1614347434604	Marionette	WARN	TimedPromise timed out after 500 ms: stacktrace:
TimedPromise/<@chrome://marionette/content/sync.js:231:19
TimedPromise@chrome://marionette/content/sync.js:216:10
interaction.flushEventLoop@chrome://marionette/content/interaction.js:433:10
webdriverClickElement@chrome://marionette/content/interaction.js:179:31
1614347436286	Marionette	WARN	TimedPromise timed out after 500 ms: stacktrace:
TimedPromise/<@chrome://marionette/content/sync.js:231:19
TimedPromise@chrome://marionette/content/sync.js:216:10
interaction.flushEventLoop@chrome://marionette/content/interaction.js:433:10
webdriverClickElement@chrome://marionette/content/interaction.js:179:31
1614347437940	Marionette	WARN	TimedPromise timed out after 500 ms: stacktrace:
TimedPromise/<@chrome://marionette/content/sync.js:231:19
TimedPromise@chrome://marionette/content/sync.js:216:10
interaction.flushEventLoop@chrome://marionette/content/interaction.js:433:10
webdriverClickElement@chrome://marionette/content/interaction.js:179:31
1614347439594	Marionette	WARN	TimedPromise timed out after 500 ms: stacktrace:
TimedPromise/<@chrome://marionette/content/sync.js:231:19
TimedPromise@chrome://marionette/content/sync.js:216:10
interaction.flushEventLoop@chrome://marionette/content/interaction.js:433:10
webdriverClickElement@chrome://marionette/content/interaction.js:179:31
1614347442747	Marionette	WARN	TimedPromise timed out after 500 ms: stacktrace:
TimedPromise/<@chrome://marionette/content/sync.js:231:19
TimedPromise@chrome://marionette/content/sync.js:216:10
interaction.flushEventLoop@chrome://marionette/content/interaction.js:433:10
webdriverClickElement@chrome://marionette/content/interaction.js:179:31
1614347445803	Marionette	WARN	TimedPromise timed out after 500 ms: stacktrace:
TimedPromise/<@chrome://marionette/content/sync.js:231:19
TimedPromise@chrome://marionette/content/sync.js:216:10
interaction.flushEventLoop@chrome://marionette/content/interaction.js:433:10
webdriverClickElement@chrome://marionette/content/interaction.js:179:31
1614347448848	Marionette	WARN	TimedPromise timed out after 500 ms: stacktrace:
TimedPromise/<@chrome://marionette/content/sync.js:231:19
TimedPromise@chrome://marionette/content/sync.js:216:10
interaction.flushEventLoop@chrome://marionette/content/interaction.js:433:10
webdriverClickElement@chrome://marionette/content/interaction.js:179:31
1614347451856	Marionette	WARN	TimedPromise timed out after 500 ms: stacktrace:
TimedPromise/<@chrome://marionette/content/sync.js:231:19
TimedPromise@chrome://marionette/content/sync.js:216:10
interaction.flushEventLoop@chrome://marionette/content/interaction.js:433:10
webdriverClickElement@chrome://marionette/content/interaction.js:179:31
1614347454876	Marionette	WARN	TimedPromise timed out after 500 ms: stacktrace:
TimedPromise/<@chrome://marionette/content/sync.js:231:19
TimedPromise@chrome://marionette/content/sync.js:216:10
interaction.flushEventLoop@chrome://marionette/content/interaction.js:433:10
webdriverClickElement@chrome://marionette/content/interaction.js:179:31
1614347457948	Marionette	WARN	TimedPromise timed out after 500 ms: stacktrace:
TimedPromise/<@chrome://marionette/content/sync.js:231:19
TimedPromise@chrome://marionette/content/sync.js:216:10
interaction.flushEventLoop@chrome://marionette/content/interaction.js:433:10
webdriverClickElement@chrome://marionette/content/interaction.js:179:31
1614347460987	Marionette	WARN	TimedPromise timed out after 500 ms: stacktrace:
TimedPromise/<@chrome://marionette/content/sync.js:231:19
TimedPromise@chrome://marionette/content/sync.js:216:10
interaction.flushEventLoop@chrome://marionette/content/interaction.js:433:10
webdriverClickElement@chrome://marionette/content/interaction.js:179:31
1614347464125	Marionette	WARN	TimedPromise timed out after 500 ms: stacktrace:
TimedPromise/<@chrome://marionette/content/sync.js:231:19
TimedPromise@chrome://marionette/content/sync.js:216:10
interaction.flushEventLoop@chrome://marionette/content/interaction.js:433:10
webdriverClickElement@chrome://marionette/content/interaction.js:179:31
1614347467168	Marionette	WARN	TimedPromise timed out after 500 ms: stacktrace:
TimedPromise/<@chrome://marionette/content/sync.js:231:19
TimedPromise@chrome://marionette/content/sync.js:216:10
interaction.flushEventLoop@chrome://marionette/content/interaction.js:433:10
webdriverClickElement@chrome://marionette/content/interaction.js:179:31
1614347468829	Marionette	WARN	TimedPromise timed out after 500 ms: stacktrace:
TimedPromise/<@chrome://marionette/content/sync.js:231:19
TimedPromise@chrome://marionette/content/sync.js:216:10
interaction.flushEventLoop@chrome://marionette/content/interaction.js:433:10
webdriverClickElement@chrome://marionette/content/interaction.js:179:31
1614347470498	Marionette	WARN	TimedPromise timed out after 500 ms: stacktrace:
TimedPromise/<@chrome://marionette/content/sync.js:231:19
TimedPromise@chrome://marionette/content/sync.js:216:10
interaction.flushEventLoop@chrome://marionette/content/interaction.js:433:10
webdriverClickElement@chrome://marionette/content/interaction.js:179:31
1614347472179	Marionette	WARN	TimedPromise timed out after 500 ms: stacktrace:
TimedPromise/<@chrome://marionette/content/sync.js:231:19
TimedPromise@chrome://marionette/content/sync.js:216:10
interaction.flushEventLoop@chrome://marionette/content/interaction.js:433:10
webdriverClickElement@chrome://marionette/content/interaction.js:179:31
1614347475289	Marionette	WARN	TimedPromise timed out after 500 ms: stacktrace:
TimedPromise/<@chrome://marionette/content/sync.js:231:19
TimedPromise@chrome://marionette/content/sync.js:216:10
interaction.flushEventLoop@chrome://marionette/content/interaction.js:433:10
webdriverClickElement@chrome://marionette/content/interaction.js:179:31
1614347478272	Marionette	WARN	TimedPromise timed out after 500 ms: stacktrace:
TimedPromise/<@chrome://marionette/content/sync.js:231:19
TimedPromise@chrome://marionette/content/sync.js:216:10
interaction.flushEventLoop@chrome://marionette/content/interaction.js:433:10
webdriverClickElement@chrome://marionette/content/interaction.js:179:31
1614347481291	Marionette	WARN	TimedPromise timed out after 500 ms: stacktrace:
TimedPromise/<@chrome://marionette/content/sync.js:231:19
TimedPromise@chrome://marionette/content/sync.js:216:10
interaction.flushEventLoop@chrome://marionette/content/interaction.js:433:10
webdriverClickElement@chrome://marionette/content/interaction.js:179:31
1614347482963	Marionette	WARN	TimedPromise timed out after 500 ms: stacktrace:
TimedPromise/<@chrome://marionette/content/sync.js:231:19
TimedPromise@chrome://marionette/content/sync.js:216:10
interaction.flushEventLoop@chrome://marionette/content/interaction.js:433:10
webdriverClickElement@chrome://marionette/content/interaction.js:179:31
1614347484645	Marionette	WARN	TimedPromise timed out after 500 ms: stacktrace:
TimedPromise/<@chrome://marionette/content/sync.js:231:19
TimedPromise@chrome://marionette/content/sync.js:216:10
interaction.flushEventLoop@chrome://marionette/content/interaction.js:433:10
webdriverClickElement@chrome://marionette/content/interaction.js:179:31
1614347486339	Marionette	WARN	TimedPromise timed out after 500 ms: stacktrace:
TimedPromise/<@chrome://marionette/content/sync.js:231:19
TimedPromise@chrome://marionette/content/sync.js:216:10
interaction.flushEventLoop@chrome://marionette/content/interaction.js:433:10
webdriverClickElement@chrome://marionette/content/interaction.js:179:31
1614347489428	Marionette	WARN	TimedPromise timed out after 500 ms: stacktrace:
TimedPromise/<@chrome://marionette/content/sync.js:231:19
TimedPromise@chrome://marionette/content/sync.js:216:10
interaction.flushEventLoop@chrome://marionette/content/interaction.js:433:10
webdriverClickElement@chrome://marionette/content/interaction.js:179:31
1614347533978	geckodriver	INFO	Listening on 127.0.0.1:60357
1614347537055	mozrunner::runner	INFO	Running command: "C:\\Program Files\\Mozilla Firefox\\firefox.exe" "--marionette" "-foreground" "-no-remote" "-profile" "C:\\Users\\Mi\\AppData\\Local\\Temp\\rust_mozprofilexjvu3w"
console.warn: SearchSettings: "get: No settings file exists, new profile?" (new Error("", "(unknown module)"))
1614347539725	Marionette	INFO	Listening on port 60367
1614347540241	Marionette	WARN	TLS certificate errors will be ignored for this session
JavaScript warning: https://pix.rabota.ru/js/ValidatorUtils.js?74f23fc8bedc57aab7b95d758da42aac, line 698: unreachable code after return statement
JavaScript warning: https://yastatic.net/partner-code-bundles/13957/a8228e199fd39afbd5eb.js, line 2: unreachable code after return statement
1614347541800	Marionette	WARN	Ignoring event 'pageshow' because document has an invalid readyState of 'loading'.
JavaScript error: https://www.rabota.ru/v3_searchResumeByParamsResults.html?id=30555258, line 22: SyntaxError: '' string literal contains an unescaped line break
1614347541814	Marionette	WARN	Ignoring event 'pageshow' because document has an invalid readyState of 'loading'.
1614347543404	Marionette	WARN	TimedPromise timed out after 500 ms: stacktrace:
TimedPromise/<@chrome://marionette/content/sync.js:231:19
TimedPromise@chrome://marionette/content/sync.js:216:10
interaction.flushEventLoop@chrome://marionette/content/interaction.js:433:10
webdriverClickElement@chrome://marionette/content/interaction.js:179:31
1614347544980	Marionette	WARN	TimedPromise timed out after 500 ms: stacktrace:
TimedPromise/<@chrome://marionette/content/sync.js:231:19
TimedPromise@chrome://marionette/content/sync.js:216:10
interaction.flushEventLoop@chrome://marionette/content/interaction.js:433:10
webdriverClickElement@chrome://marionette/content/interaction.js:179:31
1614347546555	Marionette	WARN	TimedPromise timed out after 500 ms: stacktrace:
TimedPromise/<@chrome://marionette/content/sync.js:231:19
TimedPromise@chrome://marionette/content/sync.js:216:10
interaction.flushEventLoop@chrome://marionette/content/interaction.js:433:10
webdriverClickElement@chrome://marionette/content/interaction.js:179:31
1614347548142	Marionette	WARN	TimedPromise timed out after 500 ms: stacktrace:
TimedPromise/<@chrome://marionette/content/sync.js:231:19
TimedPromise@chrome://marionette/content/sync.js:216:10
interaction.flushEventLoop@chrome://marionette/content/interaction.js:433:10
webdriverClickElement@chrome://marionette/content/interaction.js:179:31
1614347549732	Marionette	WARN	TimedPromise timed out after 500 ms: stacktrace:
TimedPromise/<@chrome://marionette/content/sync.js:231:19
TimedPromise@chrome://marionette/content/sync.js:216:10
interaction.flushEventLoop@chrome://marionette/content/interaction.js:433:10
webdriverClickElement@chrome://marionette/content/interaction.js:179:31
1614347551316	Marionette	WARN	TimedPromise timed out after 500 ms: stacktrace:
TimedPromise/<@chrome://marionette/content/sync.js:231:19
TimedPromise@chrome://marionette/content/sync.js:216:10
interaction.flushEventLoop@chrome://marionette/content/interaction.js:433:10
webdriverClickElement@chrome://marionette/content/interaction.js:179:31
1614347552940	Marionette	WARN	TimedPromise timed out after 500 ms: stacktrace:
TimedPromise/<@chrome://marionette/content/sync.js:231:19
TimedPromise@chrome://marionette/content/sync.js:216:10
interaction.flushEventLoop@chrome://marionette/content/interaction.js:433:10
webdriverClickElement@chrome://marionette/content/interaction.js:179:31
1614347554560	Marionette	WARN	TimedPromise timed out after 500 ms: stacktrace:
TimedPromise/<@chrome://marionette/content/sync.js:231:19
TimedPromise@chrome://marionette/content/sync.js:216:10
interaction.flushEventLoop@chrome://marionette/content/interaction.js:433:10
webdriverClickElement@chrome://marionette/content/interaction.js:179:31
1614347556175	Marionette	WARN	TimedPromise timed out after 500 ms: stacktrace:
TimedPromise/<@chrome://marionette/content/sync.js:231:19
TimedPromise@chrome://marionette/content/sync.js:216:10
interaction.flushEventLoop@chrome://marionette/content/interaction.js:433:10
webdriverClickElement@chrome://marionette/content/interaction.js:179:31
1614347557793	Marionette	WARN	TimedPromise timed out after 500 ms: stacktrace:
TimedPromise/<@chrome://marionette/content/sync.js:231:19
TimedPromise@chrome://marionette/content/sync.js:216:10
interaction.flushEventLoop@chrome://marionette/content/interaction.js:433:10
webdriverClickElement@chrome://marionette/content/interaction.js:179:31
1614347559400	Marionette	WARN	TimedPromise timed out after 500 ms: stacktrace:
TimedPromise/<@chrome://marionette/content/sync.js:231:19
TimedPromise@chrome://marionette/content/sync.js:216:10
interaction.flushEventLoop@chrome://marionette/content/interaction.js:433:10
webdriverClickElement@chrome://marionette/content/interaction.js:179:31
1614347561000	Marionette	WARN	TimedPromise timed out after 500 ms: stacktrace:
TimedPromise/<@chrome://marionette/content/sync.js:231:19
TimedPromise@chrome://marionette/content/sync.js:216:10
interaction.flushEventLoop@chrome://marionette/content/interaction.js:433:10
webdriverClickElement@chrome://marionette/content/interaction.js:179:31
1614347562611	Marionette	WARN	TimedPromise timed out after 500 ms: stacktrace:
TimedPromise/<@chrome://marionette/content/sync.js:231:19
TimedPromise@chrome://marionette/content/sync.js:216:10
interaction.flushEventLoop@chrome://marionette/content/interaction.js:433:10
webdriverClickElement@chrome://marionette/content/interaction.js:179:31
1614347564227	Marionette	WARN	TimedPromise timed out after 500 ms: stacktrace:
TimedPromise/<@chrome://marionette/content/sync.js:231:19
TimedPromise@chrome://marionette/content/sync.js:216:10
interaction.flushEventLoop@chrome://marionette/content/interaction.js:433:10
webdriverClickElement@chrome://marionette/content/interaction.js:179:31
1614347565832	Marionette	WARN	TimedPromise timed out after 500 ms: stacktrace:
TimedPromise/<@chrome://marionette/content/sync.js:231:19
TimedPromise@chrome://marionette/content/sync.js:216:10
interaction.flushEventLoop@chrome://marionette/content/interaction.js:433:10
webdriverClickElement@chrome://marionette/content/interaction.js:179:31
1614347568915	Marionette	WARN	TimedPromise timed out after 500 ms: stacktrace:
TimedPromise/<@chrome://marionette/content/sync.js:231:19
TimedPromise@chrome://marionette/content/sync.js:216:10
interaction.flushEventLoop@chrome://marionette/content/interaction.js:433:10
webdriverClickElement@chrome://marionette/content/interaction.js:179:31
1614347571947	Marionette	WARN	TimedPromise timed out after 500 ms: stacktrace:
TimedPromise/<@chrome://marionette/content/sync.js:231:19
TimedPromise@chrome://marionette/content/sync.js:216:10
interaction.flushEventLoop@chrome://marionette/content/interaction.js:433:10
webdriverClickElement@chrome://marionette/content/interaction.js:179:31
1614347573568	Marionette	WARN	TimedPromise timed out after 500 ms: stacktrace:
TimedPromise/<@chrome://marionette/content/sync.js:231:19
TimedPromise@chrome://marionette/content/sync.js:216:10
interaction.flushEventLoop@chrome://marionette/content/interaction.js:433:10
webdriverClickElement@chrome://marionette/content/interaction.js:179:31
1614347575178	Marionette	WARN	TimedPromise timed out after 500 ms: stacktrace:
TimedPromise/<@chrome://marionette/content/sync.js:231:19
TimedPromise@chrome://marionette/content/sync.js:216:10
interaction.flushEventLoop@chrome://marionette/content/interaction.js:433:10
webdriverClickElement@chrome://marionette/content/interaction.js:179:31
1614347578035	Marionette	WARN	TimedPromise timed out after 500 ms: stacktrace:
TimedPromise/<@chrome://marionette/content/sync.js:231:19
TimedPromise@chrome://marionette/content/sync.js:216:10
interaction.flushEventLoop@chrome://marionette/content/interaction.js:433:10
webdriverClickElement@chrome://marionette/content/interaction.js:179:31
1614347581182	Marionette	WARN	TimedPromise timed out after 500 ms: stacktrace:
TimedPromise/<@chrome://marionette/content/sync.js:231:19
TimedPromise@chrome://marionette/content/sync.js:216:10
interaction.flushEventLoop@chrome://marionette/content/interaction.js:433:10
webdriverClickElement@chrome://marionette/content/interaction.js:179:31
1614347584198	Marionette	WARN	TimedPromise timed out after 500 ms: stacktrace:
TimedPromise/<@chrome://marionette/content/sync.js:231:19
TimedPromise@chrome://marionette/content/sync.js:216:10
interaction.flushEventLoop@chrome://marionette/content/interaction.js:433:10
webdriverClickElement@chrome://marionette/content/interaction.js:179:31
1614347587344	Marionette	WARN	TimedPromise timed out after 500 ms: stacktrace:
TimedPromise/<@chrome://marionette/content/sync.js:231:19
TimedPromise@chrome://marionette/content/sync.js:216:10
interaction.flushEventLoop@chrome://marionette/content/interaction.js:433:10
webdriverClickElement@chrome://marionette/content/interaction.js:179:31
1614347590380	Marionette	WARN	TimedPromise timed out after 500 ms: stacktrace:
TimedPromise/<@chrome://marionette/content/sync.js:231:19
TimedPromise@chrome://marionette/content/sync.js:216:10
interaction.flushEventLoop@chrome://marionette/content/interaction.js:433:10
webdriverClickElement@chrome://marionette/content/interaction.js:179:31
1614347593438	Marionette	WARN	TimedPromise timed out after 500 ms: stacktrace:
TimedPromise/<@chrome://marionette/content/sync.js:231:19
TimedPromise@chrome://marionette/content/sync.js:216:10
interaction.flushEventLoop@chrome://marionette/content/interaction.js:433:10
webdriverClickElement@chrome://marionette/content/interaction.js:179:31
1614347613032	geckodriver	INFO	Listening on 127.0.0.1:60495
1614347616077	mozrunner::runner	INFO	Running command: "C:\\Program Files\\Mozilla Firefox\\firefox.exe" "--marionette" "-foreground" "-no-remote" "-profile" "C:\\Users\\Mi\\AppData\\Local\\Temp\\rust_mozprofilef6GYAa"
console.warn: SearchSettings: "get: No settings file exists, new profile?" (new Error("", "(unknown module)"))
1614347618685	Marionette	INFO	Listening on port 60504
1614347618762	Marionette	WARN	TLS certificate errors will be ignored for this session
JavaScript warning: https://pix.rabota.ru/js/ValidatorUtils.js?74f23fc8bedc57aab7b95d758da42aac, line 698: unreachable code after return statement
JavaScript warning: https://yastatic.net/partner-code-bundles/13976/39b7af4d49bcf8b53b0b.js, line 2: unreachable code after return statement
1614347620558	Marionette	WARN	Ignoring event 'pageshow' because document has an invalid readyState of 'loading'.
JavaScript error: https://www.rabota.ru/v3_searchResumeByParamsResults.html?id=30555258, line 22: SyntaxError: '' string literal contains an unescaped line break
1614347620575	Marionette	WARN	Ignoring event 'pageshow' because document has an invalid readyState of 'loading'.
1614347827962	Marionette	INFO	Stopped listening on port 60504
1614348576061	geckodriver	INFO	Listening on 127.0.0.1:53170
1614348579136	mozrunner::runner	INFO	Running command: "C:\\Program Files\\Mozilla Firefox\\firefox.exe" "--marionette" "-foreground" "-no-remote" "-profile" "C:\\Users\\Mi\\AppData\\Local\\Temp\\rust_mozprofileDVstay"
console.warn: SearchSettings: "get: No settings file exists, new profile?" (new Error("", "(unknown module)"))
1614348582090	Marionette	INFO	Listening on port 53178
1614348582324	Marionette	WARN	TLS certificate errors will be ignored for this session
JavaScript warning: https://pix.rabota.ru/js/ValidatorUtils.js?74f23fc8bedc57aab7b95d758da42aac, line 698: unreachable code after return statement
JavaScript warning: https://yastatic.net/partner-code-bundles/13954/f37f66e5dd196407ba6f.js, line 2: unreachable code after return statement
1614348584470	Marionette	WARN	Ignoring event 'pageshow' because document has an invalid readyState of 'loading'.
JavaScript error: https://www.rabota.ru/v3_searchResumeByParamsResults.html?id=29235732, line 22: SyntaxError: '' string literal contains an unescaped line break
1614348584476	Marionette	WARN	Ignoring event 'pageshow' because document has an invalid readyState of 'loading'.
1614348584987	Marionette	WARN	TimedPromise timed out after 500 ms: stacktrace:
TimedPromise/<@chrome://marionette/content/sync.js:231:19
TimedPromise@chrome://marionette/content/sync.js:216:10
interaction.flushEventLoop@chrome://marionette/content/interaction.js:433:10
webdriverClickElement@chrome://marionette/content/interaction.js:179:31
send@https://pix.rabota.ru/js/jquery/jquery-last.min.js:18:13822
ajax@https://pix.rabota.ru/js/jquery/jquery-last.min.js:18:10996
$.ajax@https://pix.rabota.ru/js/jquery/jquery.validate.js?2b427ebd68cc9aa1bd9e991525fa9722:1115:15
mapByCityId@https://www.rabota.ru/block/metro-dialog/metro-dialog.js?ca7b0874e2e0646f71096e8475cbdcde:966:6
initMap@https://www.rabota.ru/block/metro-dialog/metro-dialog.js?ca7b0874e2e0646f71096e8475cbdcde:1250:15
setCityId@https://www.rabota.ru/block/metro-dialog/metro-dialog.js?ca7b0874e2e0646f71096e8475cbdcde:1506:8
form.initCityMetro/<@https://www.rabota.ru/v3_searchResumeByParamsResults.html:2422:20
notifySubscribers/</<@https://pix.rabota.ru/js/lib/knockout-2.3.0.min.js?48d1c61386189c99e1bf5192089226b7:29:301
p@https://pix.rabota.ru/js/lib/knockout-2.3.0.min.js?48d1c61386189c99e1bf5192089226b7:8:196
notifySubscribers/<@https://pix.rabota.ru/js/lib/knockout-2.3.0.min.js?48d1c61386189c99e1bf5192089226b7:29:252
I@https://pix.rabota.ru/js/lib/knockout-2.3.0.min.js?48d1c61386189c99e1bf5192089226b7:30:459
notifySubscribers@https://pix.rabota.ru/js/lib/knockout-2.3.0.min.js?48d1c61386189c99e1bf5192089226b7:29:235
a.m/c.J@https://pix.rabota.ru/js/lib/knockout-2.3.0.min.js?48d1c61386189c99e1bf5192089226b7:31:278
c@https://pix.rabota.ru/js/lib/knockout-2.3.0.min.js?48d1c61386189c99e1bf5192089226b7:31:187
form.initCityMetro/cityPopup<@https://www.rabota.ru/v3_searchResumeByParamsResults.html:2519:12
handleRegionsChanges@https://pix.rabota.ru/js/CityKladrSelector.js?392098adabaf304bc93e860393fbab51:931:30
success@https://pix.rabota.ru/js/CityKladrSelector.js?392098adabaf304bc93e860393fbab51:358:5
resolveWith@https://pix.rabota.ru/js/jquery/jquery-last.min.js:16:15493
w@https://pix.rabota.ru/js/jquery/jquery-last.min.js:18:8450
d@https://pix.rabota.ru/js/jquery/jquery-last.min.js:18:14247
1614348747755	Marionette	WARN	TimedPromise timed out after 500 ms: stacktrace:
TimedPromise/<@chrome://marionette/content/sync.js:231:19
TimedPromise@chrome://marionette/content/sync.js:216:10
interaction.flushEventLoop@chrome://marionette/content/interaction.js:433:10
webdriverClickElement@chrome://marionette/content/interaction.js:179:31
1614348795155	Marionette	INFO	Stopped listening on port 53178
1614349505732	geckodriver	INFO	Listening on 127.0.0.1:56129
1614349508796	mozrunner::runner	INFO	Running command: "C:\\Program Files\\Mozilla Firefox\\firefox.exe" "--marionette" "-foreground" "-no-remote" "-profile" "C:\\Users\\Mi\\AppData\\Local\\Temp\\rust_mozprofileinPrub"
console.warn: SearchSettings: "get: No settings file exists, new profile?" (new Error("", "(unknown module)"))
1614349511459	Marionette	INFO	Listening on port 56138
1614349511501	Marionette	WARN	TLS certificate errors will be ignored for this session
JavaScript warning: https://pix.rabota.ru/js/ValidatorUtils.js?74f23fc8bedc57aab7b95d758da42aac, line 698: unreachable code after return statement
JavaScript warning: https://yastatic.net/partner-code-bundles/13957/a8228e199fd39afbd5eb.js, line 2: unreachable code after return statement
JavaScript error: https://www.rabota.ru/v3_searchResumeByParamsResults.html?id=28468224, line 22: SyntaxError: '' string literal contains an unescaped line break
1614349513533	Marionette	WARN	Ignoring event 'pageshow' because document has an invalid readyState of 'loading'.
JavaScript error: https://www.rabota.ru/v3_searchResumeByParamsResults.html?id=28468224, line 22: SyntaxError: '' string literal contains an unescaped line break
1614349513536	Marionette	WARN	Ignoring event 'pageshow' because document has an invalid readyState of 'loading'.
1614349518327	Marionette	INFO	Stopped listening on port 56138
JavaScript error: resource://activity-stream/lib/ASRouter.jsm, line 988: NS_ERROR_ILLEGAL_VALUE: Component returned failure code: 0x80070057 (NS_ERROR_ILLEGAL_VALUE) [nsIObserverService.removeObserver]
console.error: services.settings: 
  main/partitioning-exempt-urls Signature failed  TypeError: NetworkError when attempting to fetch resource.
console.error: services.settings: 
  main/fxmonitor-breaches Signature failed  TypeError: NetworkError when attempting to fetch resource.
console.error: services.settings: 
  main/message-groups Signature failed  TypeError: NetworkError when attempting to fetch resource.
[Parent 17932, IPC I/O Parent] WARNING: file /builds/worker/checkouts/gecko/ipc/chromium/src/base/process_util_win.cc:167

###!!! [Child][RunMessage] Error: Channel closing: too late to send/recv, messages will be lost

1614351323445	geckodriver	INFO	Listening on 127.0.0.1:56694
1614351326536	mozrunner::runner	INFO	Running command: "C:\\Program Files\\Mozilla Firefox\\firefox.exe" "--marionette" "-foreground" "-no-remote" "-profile" "C:\\Users\\Mi\\AppData\\Local\\Temp\\rust_mozprofileLq48BR"
console.warn: SearchSettings: "get: No settings file exists, new profile?" (new Error("", "(unknown module)"))
1614351329426	Marionette	INFO	Listening on port 56703
1614351329761	Marionette	WARN	TLS certificate errors will be ignored for this session
JavaScript warning: https://pix.rabota.ru/js/ValidatorUtils.js?74f23fc8bedc57aab7b95d758da42aac, line 698: unreachable code after return statement
JavaScript warning: https://yastatic.net/partner-code-bundles/13954/f37f66e5dd196407ba6f.js, line 2: unreachable code after return statement
JavaScript error: https://www.rabota.ru/v3_searchResumeByParamsResults.html?action=search&area=v3_searchResumeByParamsResults&p=-2005&w=&qot%5B0%5D=3&qsa%5B0%5D%5B%5D=1&sf=&st=&cu=2&krl%5B%5D=3&af=&at=&sex=&eylo=&t2l=&nex=True&=&qk%5B0%5D=%D0%9F%D1%80%D0%BE%D0%B3%D1%80%D0%B0%D0%BC%D0%BC%D0%B8%D1%81%D1%82+1%D1%81&id=24654197, line 22: SyntaxError: '' string literal contains an unescaped line break
1614351332069	Marionette	WARN	Ignoring event 'pageshow' because document has an invalid readyState of 'loading'.
JavaScript error: https://www.rabota.ru/v3_searchResumeByParamsResults.html?action=search&area=v3_searchResumeByParamsResults&p=-2005&w=&qot%5B0%5D=3&qsa%5B0%5D%5B%5D=1&sf=&st=&cu=2&krl%5B%5D=3&af=&at=&sex=&eylo=&t2l=&nex=True&=&qk%5B0%5D=%D0%9F%D1%80%D0%BE%D0%B3%D1%80%D0%B0%D0%BC%D0%BC%D0%B8%D1%81%D1%82+1%D1%81&id=24654197, line 22: SyntaxError: '' string literal contains an unescaped line break
1614351332073	Marionette	WARN	Ignoring event 'pageshow' because document has an invalid readyState of 'loading'.
1614351332686	Marionette	WARN	TimedPromise timed out after 500 ms: stacktrace:
TimedPromise/<@chrome://marionette/content/sync.js:231:19
TimedPromise@chrome://marionette/content/sync.js:216:10
interaction.flushEventLoop@chrome://marionette/content/interaction.js:433:10
webdriverClickElement@chrome://marionette/content/interaction.js:179:31
send@https://pix.rabota.ru/js/jquery/jquery-last.min.js:18:13822
ajax@https://pix.rabota.ru/js/jquery/jquery-last.min.js:18:10996
$.ajax@https://pix.rabota.ru/js/jquery/jquery.validate.js?2b427ebd68cc9aa1bd9e991525fa9722:1115:15
mapByCityId@https://www.rabota.ru/block/metro-dialog/metro-dialog.js?ca7b0874e2e0646f71096e8475cbdcde:966:6
initMap@https://www.rabota.ru/block/metro-dialog/metro-dialog.js?ca7b0874e2e0646f71096e8475cbdcde:1250:15
setCityId@https://www.rabota.ru/block/metro-dialog/metro-dialog.js?ca7b0874e2e0646f71096e8475cbdcde:1506:8
form.initCityMetro/<@https://www.rabota.ru/v3_searchResumeByParamsResults.html?action=search&area=v3_searchResumeByParamsResults&p=-2005&w=&qot%5B0%5D=3&qsa%5B0%5D%5B%5D=1&sf=&st=&cu=2&krl%5B%5D=3&af=&at=&sex=&eylo=&t2l=&nex=True&=&qk%5B0%5D=%D0%9F%D1%80%D0%BE%D0%B3%D1%80%D0%B0%D0%BC%D0%BC%D0%B8%D1%81%D1%82+1%D1%81:2422:20
notifySubscribers/</<@https://pix.rabota.ru/js/lib/knockout-2.3.0.min.js?48d1c61386189c99e1bf5192089226b7:29:301
p@https://pix.rabota.ru/js/lib/knockout-2.3.0.min.js?48d1c61386189c99e1bf5192089226b7:8:196
notifySubscribers/<@https://pix.rabota.ru/js/lib/knockout-2.3.0.min.js?48d1c61386189c99e1bf5192089226b7:29:252
I@https://pix.rabota.ru/js/lib/knockout-2.3.0.min.js?48d1c61386189c99e1bf5192089226b7:30:459
notifySubscribers@https://pix.rabota.ru/js/lib/knockout-2.3.0.min.js?48d1c61386189c99e1bf5192089226b7:29:235
a.m/c.J@https://pix.rabota.ru/js/lib/knockout-2.3.0.min.js?48d1c61386189c99e1bf5192089226b7:31:278
c@https://pix.rabota.ru/js/lib/knockout-2.3.0.min.js?48d1c61386189c99e1bf5192089226b7:31:187
form.initCityMetro/cityPopup<@https://www.rabota.ru/v3_searchResumeByParamsResults.html?action=search&area=v3_searchResumeByParamsResults&p=-2005&w=&qot%5B0%5D=3&qsa%5B0%5D%5B%5D=1&sf=&st=&cu=2&krl%5B%5D=3&af=&at=&sex=&eylo=&t2l=&nex=True&=&qk%5B0%5D=%D0%9F%D1%80%D0%BE%D0%B3%D1%80%D0%B0%D0%BC%D0%BC%D0%B8%D1%81%D1%82+1%D1%81:2519:12
handleRegionsChanges@https://pix.rabota.ru/js/CityKladrSelector.js?392098adabaf304bc93e860393fbab51:931:30
success@https://pix.rabota.ru/js/CityKladrSelector.js?392098adabaf304bc93e860393fbab51:358:5
resolveWith@https://pix.rabota.ru/js/jquery/jquery-last.min.js:16:15493
w@https://pix.rabota.ru/js/jquery/jquery-last.min.js:18:8450
d@https://pix.rabota.ru/js/jquery/jquery-last.min.js:18:14247
1614351544204	Marionette	INFO	Stopped listening on port 56703
1614351917029	geckodriver	INFO	Listening on 127.0.0.1:57947
1614351920090	mozrunner::runner	INFO	Running command: "C:\\Program Files\\Mozilla Firefox\\firefox.exe" "--marionette" "-foreground" "-no-remote" "-profile" "C:\\Users\\Mi\\AppData\\Local\\Temp\\rust_mozprofileSEXZ8Z"
console.warn: SearchSettings: "get: No settings file exists, new profile?" (new Error("", "(unknown module)"))
1614351922791	Marionette	INFO	Listening on port 57956
1614351923284	Marionette	WARN	TLS certificate errors will be ignored for this session
JavaScript warning: https://pix.rabota.ru/js/ValidatorUtils.js?74f23fc8bedc57aab7b95d758da42aac, line 698: unreachable code after return statement
JavaScript warning: https://yastatic.net/partner-code-bundles/13954/f37f66e5dd196407ba6f.js, line 2: unreachable code after return statement
1614351924973	Marionette	WARN	Ignoring event 'pageshow' because document has an invalid readyState of 'loading'.
1614351925093	Marionette	WARN	Ignoring event 'pageshow' because document has an invalid readyState of 'loading'.
1614352032663	Marionette	WARN	TimedPromise timed out after 500 ms: stacktrace:
TimedPromise/<@chrome://marionette/content/sync.js:231:19
TimedPromise@chrome://marionette/content/sync.js:216:10
interaction.flushEventLoop@chrome://marionette/content/interaction.js:433:10
webdriverClickElement@chrome://marionette/content/interaction.js:179:31
1614352131545	Marionette	INFO	Stopped listening on port 57956
1614352834906	geckodriver	INFO	Listening on 127.0.0.1:61167
1614352837977	mozrunner::runner	INFO	Running command: "C:\\Program Files\\Mozilla Firefox\\firefox.exe" "--marionette" "-foreground" "-no-remote" "-profile" "C:\\Users\\Mi\\AppData\\Local\\Temp\\rust_mozprofileMYXOre"
console.warn: SearchSettings: "get: No settings file exists, new profile?" (new Error("", "(unknown module)"))
1614352841483	Marionette	INFO	Listening on port 61182
1614352841693	Marionette	WARN	TLS certificate errors will be ignored for this session
JavaScript warning: https://pix.rabota.ru/js/ValidatorUtils.js?74f23fc8bedc57aab7b95d758da42aac, line 698: unreachable code after return statement
JavaScript warning: https://yastatic.net/partner-code-bundles/13965/a66fe06b43aa29d4c061.js, line 2: unreachable code after return statement
1614352843712	Marionette	WARN	Ignoring event 'pageshow' because document has an invalid readyState of 'loading'.
1614352843717	Marionette	WARN	Ignoring event 'pageshow' because document has an invalid readyState of 'loading'.
1614352844281	Marionette	WARN	TimedPromise timed out after 500 ms: stacktrace:
TimedPromise/<@chrome://marionette/content/sync.js:231:19
TimedPromise@chrome://marionette/content/sync.js:216:10
interaction.flushEventLoop@chrome://marionette/content/interaction.js:433:10
webdriverClickElement@chrome://marionette/content/interaction.js:179:31
1614352849022	Marionette	INFO	Stopped listening on port 61182

###!!! [Child][RunMessage] Error: Channel closing: too late to send/recv, messages will be lost

1614353569437	geckodriver	INFO	Listening on 127.0.0.1:61732
1614353572535	mozrunner::runner	INFO	Running command: "C:\\Program Files\\Mozilla Firefox\\firefox.exe" "--marionette" "-foreground" "-no-remote" "-profile" "C:\\Users\\Mi\\AppData\\Local\\Temp\\rust_mozprofile9Yut00"
console.warn: SearchSettings: "get: No settings file exists, new profile?" (new Error("", "(unknown module)"))
1614353575665	Marionette	INFO	Listening on port 61741
1614353575744	Marionette	WARN	TLS certificate errors will be ignored for this session
JavaScript warning: https://pix.rabota.ru/js/ValidatorUtils.js?74f23fc8bedc57aab7b95d758da42aac, line 698: unreachable code after return statement
JavaScript warning: https://yastatic.net/partner-code-bundles/13964/46584d8b4febbe5bc212.js, line 2: unreachable code after return statement
1614353577920	Marionette	WARN	Ignoring event 'pageshow' because document has an invalid readyState of 'loading'.
JavaScript error: https://www.rabota.ru/v3_searchResumeByParamsResults.html?action=search&area=v3_searchResumeByParamsResults&p=-2005&w=&qot%5B0%5D=3&qsa%5B0%5D%5B%5D=1&sf=&st=&cu=2&krl%5B%5D=3&af=&at=&sex=&eylo=&t2l=&nex=True&=&qk%5B0%5D=%D0%9F%D1%80%D0%BE%D0%B3%D1%80%D0%B0%D0%BC%D0%BC%D0%B8%D1%81%D1%82+1%D1%81&id=24654197, line 22: SyntaxError: '' string literal contains an unescaped line break
1614353577926	Marionette	WARN	Ignoring event 'pageshow' because document has an invalid readyState of 'loading'.
1614353782065	Marionette	INFO	Stopped listening on port 61741
1614354491403	geckodriver	INFO	Listening on 127.0.0.1:64665
1614354494494	mozrunner::runner	INFO	Running command: "C:\\Program Files\\Mozilla Firefox\\firefox.exe" "--marionette" "-foreground" "-no-remote" "-profile" "C:\\Users\\Mi\\AppData\\Local\\Temp\\rust_mozprofileYBh2m1"
console.warn: SearchSettings: "get: No settings file exists, new profile?" (new Error("", "(unknown module)"))
1614354502593	Marionette	INFO	Listening on port 64674
1614354503070	Marionette	WARN	TLS certificate errors will be ignored for this session
JavaScript warning: https://pix.rabota.ru/js/ValidatorUtils.js?74f23fc8bedc57aab7b95d758da42aac, line 698: unreachable code after return statement
JavaScript warning: https://yastatic.net/partner-code-bundles/13971/84ba2da45a67da96500d.js, line 2: unreachable code after return statement
1614354508158	Marionette	WARN	Ignoring event 'pageshow' because document has an invalid readyState of 'loading'.
JavaScript error: https://www.rabota.ru/v3_searchResumeByParamsResults.html?action=search&area=v3_searchResumeByParamsResults&p=-2005&w=&qot%5B0%5D=3&qsa%5B0%5D%5B%5D=1&sf=&st=&cu=2&krl%5B%5D=3&af=&at=&sex=&eylo=&t2l=&nex=True&=&qk%5B0%5D=%D0%A0%D0%B0%D0%B7%D1%80%D0%B0%D0%B1%D0%BE%D1%82%D1%87%D0%B8%D0%BA+1%D1%81&id=14601133, line 22: SyntaxError: '' string literal contains an unescaped line break
1614354508194	Marionette	WARN	Ignoring event 'pageshow' because document has an invalid readyState of 'loading'.
1614354513053	Marionette	INFO	Stopped listening on port 64674
JavaScript error: resource://activity-stream/lib/ASRouter.jsm, line 988: NS_ERROR_ILLEGAL_VALUE: Component returned failure code: 0x80070057 (NS_ERROR_ILLEGAL_VALUE) [nsIObserverService.removeObserver]
console.error: services.settings: 
  main/fxmonitor-breaches Signature failed  TypeError: NetworkError when attempting to fetch resource.
console.error: services.settings: 
  main/message-groups Signature failed  TypeError: NetworkError when attempting to fetch resource.
console.error: services.settings: 
  main/partitioning-exempt-urls Signature failed  TypeError: NetworkError when attempting to fetch resource.

###!!! [Child][RunMessage] Error: Channel closing: too late to send/recv, messages will be lost

